SF:lib\src\app_widget.dart
DA:4,0
DA:6,0
DA:8,0
DA:9,0
DA:10,0
LF:5
LH:0
end_of_record
SF:lib\src\app_module.dart
DA:4,0
DA:6,0
DA:7,0
DA:8,0
DA:9,0
LF:5
LH:0
end_of_record
SF:lib\src\modules\splash\splash_module.dart
DA:5,0
DA:7,0
LF:2
LH:0
end_of_record
SF:lib\src\modules\auth\auth_module.dart
DA:5,0
DA:7,0
DA:9,0
DA:11,0
DA:12,0
DA:13,0
DA:14,0
DA:15,0
LF:8
LH:0
end_of_record
SF:lib\src\modules\home\home_module.dart
DA:5,0
DA:7,0
LF:2
LH:0
end_of_record
SF:lib\src\modules\script\script_module.dart
DA:5,0
DA:7,0
DA:10,0
DA:12,0
DA:13,0
DA:14,0
DA:15,0
DA:16,0
LF:8
LH:0
end_of_record
SF:lib\src\modules\auth\domain\entities\auth_entity.dart
DA:5,3
DA:10,1
DA:11,1
DA:12,1
DA:18,1
DA:19,1
DA:20,1
LF:7
LH:7
end_of_record
SF:lib\src\modules\auth\presenter\pages\auth_page.dart
DA:4,8
DA:6,0
DA:7,0
DA:11,0
DA:13,0
DA:14,0
LF:6
LH:1
end_of_record
SF:lib\src\modules\auth\presenter\controllers\auth_controller.dart
DA:9,0
DA:10,0
DA:11,0
DA:12,0
DA:14,0
DA:18,0
DA:19,0
DA:20,0
DA:22,0
DA:23,0
DA:34,0
DA:35,0
DA:37,0
DA:38,0
LF:14
LH:0
end_of_record
SF:lib\src\modules\auth\presenter\components\login_form.dart
DA:4,8
DA:8,0
DA:9,0
DA:12,0
DA:15,0
DA:17,0
DA:18,0
DA:19,0
DA:20,0
DA:22,0
DA:23,0
DA:24,0
DA:25,0
DA:26,0
DA:27,0
DA:29,0
DA:32,0
DA:33,0
DA:35,0
DA:37,0
DA:38,0
DA:39,0
DA:40,0
DA:48,0
DA:49,0
DA:50,0
DA:51,0
DA:52,0
DA:54,0
DA:55,0
DA:58,0
DA:59,0
DA:64,0
DA:65,0
LF:34
LH:1
end_of_record
SF:lib\src\shared\components\app_button.dart
DA:3,16
DA:26,0
DA:28,0
DA:29,0
DA:30,0
DA:31,0
DA:32,0
DA:33,0
DA:34,0
DA:35,0
DA:36,0
DA:39,0
DA:40,0
DA:42,0
DA:43,0
DA:44,0
DA:45,0
DA:46,0
DA:47,0
LF:19
LH:1
end_of_record
SF:lib\src\modules\auth\domain\usecases\login.dart
DA:5,1
DA:7,3
LF:2
LH:2
end_of_record
SF:lib\src\modules\auth\presenter\auth_bloc\auth_state.dart
DA:13,0
DA:19,0
LF:2
LH:0
end_of_record
SF:lib\src\modules\auth\presenter\auth_bloc\auth_bloc.dart
DA:6,0
DA:8,0
DA:9,0
DA:14,0
DA:15,0
DA:16,0
DA:17,0
DA:18,0
DA:19,0
DA:20,0
LF:10
LH:0
end_of_record
SF:lib\src\modules\auth\presenter\auth_bloc\auth_event.dart
DA:9,0
LF:1
LH:0
end_of_record
SF:lib\src\modules\auth\external\ssh_auth_datasource.dart
DA:5,1
DA:9,1
DA:12,3
DA:14,1
LF:4
LH:4
end_of_record
SF:lib\src\modules\auth\infra\repositories\auth_repository.dart
DA:4,1
DA:6,1
DA:9,2
DA:10,2
DA:11,1
DA:12,1
DA:13,1
DA:15,0
DA:17,1
DA:18,3
LF:10
LH:9
end_of_record
SF:lib\src\services\ssh_client_service.dart
DA:4,0
DA:6,0
DA:9,1
DA:12,1
DA:13,1
DA:14,1
DA:15,2
DA:19,1
DA:20,2
DA:21,1
DA:22,3
DA:25,3
DA:29,0
DA:30,0
DA:31,0
LF:15
LH:10
end_of_record
SF:lib\src\modules\auth\domain\exceptions\auth_exceptions.dart
DA:4,4
LF:1
LH:1
end_of_record
SF:lib\src\modules\auth\infra\adapters\auth_entity_adapter.dart
DA:7,1
DA:9,1
DA:10,1
DA:11,1
DA:12,1
DA:16,0
DA:17,0
DA:18,0
DA:19,0
DA:23,1
DA:24,1
DA:25,1
DA:26,1
DA:30,1
DA:31,1
DA:32,1
DA:33,1
DA:37,0
DA:39,0
LF:19
LH:13
end_of_record
SF:lib\src\shared\error\base_exception.dart
DA:4,7
DA:5,14
DA:10,7
DA:11,21
LF:4
LH:4
end_of_record
SF:lib\src\modules\home\presenter\pages\home_page.dart
DA:4,8
DA:6,0
DA:7,0
DA:11,0
DA:13,0
DA:14,0
DA:15,0
DA:19,0
DA:20,0
DA:22,0
DA:24,0
DA:25,0
DA:26,0
DA:28,0
DA:37,0
DA:38,0
DA:59,0
DA:60,0
DA:63,0
DA:64,0
DA:65,0
DA:66,0
DA:67,0
DA:69,0
DA:72,0
DA:73,0
DA:74,0
DA:85,0
DA:97,0
LF:29
LH:1
end_of_record
SF:lib\src\modules\script\domain\entities\script.dart
DA:7,2
LF:1
LH:1
end_of_record
SF:lib\src\modules\script\domain\exceptions\script_exception.dart
DA:4,3
LF:1
LH:1
end_of_record
SF:lib\src\modules\script\domain\usecases\save_script.dart
DA:4,1
DA:6,3
LF:2
LH:2
end_of_record
SF:lib\src\modules\script\external\script_datasource.dart
DA:4,1
DA:6,0
DA:8,2
DA:12,1
DA:14,1
DA:15,2
DA:16,1
DA:17,1
DA:18,1
DA:19,2
DA:22,1
LF:11
LH:10
end_of_record
SF:lib\src\modules\script\infra\adapters\script_adapter.dart
DA:9,0
DA:15,1
DA:16,1
DA:17,1
DA:18,1
DA:19,1
DA:23,1
DA:24,1
DA:25,1
DA:26,1
DA:27,1
LF:11
LH:10
end_of_record
SF:lib\src\modules\script\infra\repositories\script_repository.dart
DA:4,1
DA:6,1
DA:9,3
DA:10,1
DA:11,1
DA:12,1
DA:13,3
LF:7
LH:7
end_of_record
SF:lib\src\modules\script\presenter\components\create_script_form.dart
DA:4,8
DA:6,0
DA:8,0
DA:10,0
DA:12,0
DA:13,0
DA:15,0
DA:17,0
DA:20,0
DA:22,0
DA:24,0
LF:11
LH:1
end_of_record
SF:lib\src\modules\script\presenter\cubits\script_cubit.dart
DA:4,0
LF:1
LH:0
end_of_record
SF:lib\src\modules\script\presenter\pages\script_page.dart
DA:4,8
DA:6,0
DA:7,0
DA:11,0
DA:13,0
DA:14,0
DA:18,0
DA:19,0
DA:21,0
DA:23,0
DA:25,0
DA:27,0
DA:36,0
DA:37,0
DA:47,0
DA:49,0
DA:51,0
DA:52,0
DA:54,0
DA:57,0
DA:60,0
DA:62,0
DA:64,0
DA:86,0
DA:87,0
DA:90,0
LF:26
LH:1
end_of_record
SF:lib\src\modules\splash\views\splash_page.dart
DA:4,8
DA:6,0
DA:7,0
DA:11,0
DA:13,0
DA:15,0
DA:16,0
DA:20,0
DA:22,0
DA:23,0
LF:10
LH:1
end_of_record
SF:lib\src\shared\components\app_text_field.dart
DA:5,0
DA:18,0
DA:20,0
DA:22,0
DA:24,0
DA:25,0
DA:27,0
DA:28,0
DA:29,0
DA:34,0
DA:36,0
DA:38,0
DA:40,0
DA:42,0
DA:43,0
DA:44,0
DA:45,0
DA:46,0
LF:18
LH:0
end_of_record
SF:lib\src\shared\components\logo_component.dart
DA:4,16
DA:6,0
LF:2
LH:1
end_of_record
SF:lib\src\shared\components\text_field_label.dart
DA:4,16
DA:7,0
DA:9,0
DA:11,0
DA:12,0
LF:5
LH:1
end_of_record
